C:\Program Files (x86)\Microsoft Visual Studio\2019\Community\MSBuild\Microsoft\VC\v160\Microsoft.CppBuild.targets(491,5): warning MSB8028: Das Zwischenverzeichnis (x64\Debug\) enthält freigegebene Dateien aus einem anderen Projekt (Direct2DDemo_.vcxproj). Dies kann zu einem falschen Bereinigungs- und Neuerstellungsverhalten führen.
  Circle.cpp
C:\Users\walte\source\repos\Direct2DDemo_\Direct2DDemo_\ObjectBase.h(37,30): warning C4305: "Initialisierung": Verkürzung von "double" in "float"
C:\Users\walte\source\repos\Direct2DDemo_\Direct2DDemo_\Circle.cpp(18,76): warning C4244: "Argument": Konvertierung von "double" in "FLOAT", möglicher Datenverlust
C:\Users\walte\source\repos\Direct2DDemo_\Direct2DDemo_\Circle.cpp(18,64): warning C4244: "Argument": Konvertierung von "double" in "FLOAT", möglicher Datenverlust
  Collider.cpp
C:\Users\walte\source\repos\Direct2DDemo_\Direct2DDemo_\ObjectBase.h(37,30): warning C4305: "Initialisierung": Verkürzung von "double" in "float"
C:\Users\walte\source\repos\Direct2DDemo_\Direct2DDemo_\Collider.cpp(14,17): warning C4244: "=": Konvertierung von "double" in "float", möglicher Datenverlust
  ObjectBase.cpp
C:\Users\walte\source\repos\Direct2DDemo_\Direct2DDemo_\ObjectBase.h(37,30): warning C4305: "Initialisierung": Verkürzung von "double" in "float"
  Polygon.cpp
C:\Users\walte\source\repos\Direct2DDemo_\Direct2DDemo_\ObjectBase.h(37,30): warning C4305: "Initialisierung": Verkürzung von "double" in "float"
C:\Users\walte\source\repos\Direct2DDemo_\Direct2DDemo_\Polygon.cpp(51,13): warning C4244: "Initialisierung": Konvertierung von "double" in "int", möglicher Datenverlust
C:\Users\walte\source\repos\Direct2DDemo_\Direct2DDemo_\Polygon.cpp(52,13): warning C4244: "Initialisierung": Konvertierung von "double" in "int", möglicher Datenverlust
C:\Users\walte\source\repos\Direct2DDemo_\Direct2DDemo_\Polygon.cpp(54,13): warning C4244: "Initialisierung": Konvertierung von "double" in "int", möglicher Datenverlust
C:\Users\walte\source\repos\Direct2DDemo_\Direct2DDemo_\Polygon.cpp(55,13): warning C4244: "Initialisierung": Konvertierung von "double" in "int", möglicher Datenverlust
C:\Users\walte\source\repos\Direct2DDemo_\Direct2DDemo_\Polygon.cpp(58,24): warning C4244: "Argument": Konvertierung von "int" in "FLOAT", möglicher Datenverlust
C:\Users\walte\source\repos\Direct2DDemo_\Direct2DDemo_\Polygon.cpp(58,18): warning C4244: "Argument": Konvertierung von "int" in "FLOAT", möglicher Datenverlust
C:\Users\walte\source\repos\Direct2DDemo_\Direct2DDemo_\Polygon.cpp(59,25): warning C4244: "Argument": Konvertierung von "int" in "FLOAT", möglicher Datenverlust
C:\Users\walte\source\repos\Direct2DDemo_\Direct2DDemo_\Polygon.cpp(59,18): warning C4244: "Argument": Konvertierung von "int" in "FLOAT", möglicher Datenverlust
  WinMain.cpp
C:\Users\walte\source\repos\Direct2DDemo_\Direct2DDemo_\ObjectBase.h(37,30): warning C4305: "Initialisierung": Verkürzung von "double" in "float"
  Code wird generiert...
  Direct2DDemo_.vcxproj -> C:\Users\walte\source\repos\Direct2DDemo_\x64\Debug\Direct2DDemo_Collision.exe
